[[ 2.7000000e+05  2.7100000e+05  2.7200000e+05 ...  4.6800000e+05
   4.6900000e+05  4.7000000e+05]
 [ 0.0000000e+00  1.0000000e+03  2.0000000e+03 ...  1.9800000e+05
   1.9900000e+05  2.0000000e+05]
 [ 2.9826403e+02  2.9659146e+02  2.9892536e+02 ...  2.9854298e+02
   2.9996494e+02  2.9908302e+02]
 ...
 [ 1.4928922e+02  5.0392497e+00 -9.9432492e+01 ... -2.7987039e+02
   1.5927627e+02  6.1002512e+01]
 [ 1.4928922e+02  5.0392497e+00 -9.9432492e+01 ... -2.7987039e+02
   1.5927627e+02  6.1002512e+01]
 [-3.4555453e+01  4.3989146e+01  1.0585205e+02 ... -2.4089416e+02
  -1.1000040e+02  3.0261616e+01]] [270000. 271000. 272000. 273000. 274000. 275000. 276000. 277000. 278000.
 279000. 280000. 281000. 282000. 283000. 284000. 285000. 286000. 287000.
 288000. 289000. 290000. 291000. 292000. 293000. 294000. 295000. 296000.
 297000. 298000. 299000. 300000. 301000. 302000. 303000. 304000. 305000.
 306000. 307000. 308000. 309000. 310000. 311000. 312000. 313000. 314000.
 315000. 316000. 317000. 318000. 319000. 320000. 321000. 322000. 323000.
 324000. 325000. 326000. 327000. 328000. 329000. 330000. 331000. 332000.
 333000. 334000. 335000. 336000. 337000. 338000. 339000. 340000. 341000.
 342000. 343000. 344000. 345000. 346000. 347000. 348000. 349000. 350000.
 351000. 352000. 353000. 354000. 355000. 356000. 357000. 358000. 359000.
 360000. 361000. 362000. 363000. 364000. 365000. 366000. 367000. 368000.
 369000. 370000. 371000. 372000. 373000. 374000. 375000. 376000. 377000.
 378000. 379000. 380000. 381000. 382000. 383000. 384000. 385000. 386000.
 387000. 388000. 389000. 390000. 391000. 392000. 393000. 394000. 395000.
 396000. 397000. 398000. 399000. 400000. 401000. 402000. 403000. 404000.
 405000. 406000. 407000. 408000. 409000. 410000. 411000. 412000. 413000.
 414000. 415000. 416000. 417000. 418000. 419000. 420000. 421000. 422000.
 423000. 424000. 425000. 426000. 427000. 428000. 429000. 430000. 431000.
 432000. 433000. 434000. 435000. 436000. 437000. 438000. 439000. 440000.
 441000. 442000. 443000. 444000. 445000. 446000. 447000. 448000. 449000.
 450000. 451000. 452000. 453000. 454000. 455000. 456000. 457000. 458000.
 459000. 460000. 461000. 462000. 463000. 464000. 465000. 466000. 467000.
 468000. 469000. 470000.]
# ['./lammpslogplt.py', '../data/0.01mlog.lammps'] 16 columns of data, with 201 lines of data
# column header   average         stdev        skew    kurtosis       min       max       range   [slop intercept]
  0 Step       370000.0000    58022.9840     0.0000    -1.2001    2.7e+05    4.7e+05      2e+05 [      1000    2.7e+05]
  1 Elapsed    100000.0000    58022.9840     0.0000    -1.2001          0      2e+05      2e+05 [      1000 -2.551e-12]
  2 Temp          298.0268        1.1914     0.0198    -0.0256      294.3      301.1      6.728 [  0.002432      297.8]
  3 Press          17.5199      142.1808     0.0741     0.1316     -342.9      472.4      815.2 [   -0.2108       38.6]
  4 Volume     528423.9397     1530.0626    -0.0091     0.4458  5.227e+05  5.325e+05       9821 [    -8.274  5.293e+05]
  5 TotEng     -91865.8860      262.5832     0.3409     0.4007 -9.258e+04 -9.087e+04       1713 [   -0.6636  -9.18e+04]
  6 KinEng      42645.7867      170.4754     0.0198    -0.0256  4.212e+04  4.308e+04      962.8 [     0.348  4.261e+04]
  7 PotEng    -134511.6724      226.0941     0.4192     0.2901 -1.351e+05 -1.337e+05       1345 [    -1.012 -1.344e+05]
  8 E_mol       12496.5265      130.4059    -0.0341     0.0218  1.215e+04  1.293e+04      783.6 [     1.337  1.236e+04]
  9 E_pair    -147008.1992      267.7694     0.4036     0.2262 -1.476e+05 -1.463e+05       1349 [    -2.349 -1.468e+05]
 10 Pxx            24.4333      198.3902     0.2764     0.5628     -455.1      698.4       1153 [   -0.4642      70.85]
 11 Pyy             3.0136      217.5608     0.2898     0.2605     -629.4      700.4       1330 [   -0.1854      21.55]
 12 Pzz            25.1128      229.1065    -0.2327    -0.2066     -556.7      688.2       1245 [   0.01724      23.39]
 13 Pxz             6.2758      134.0980     0.0415     0.1912     -400.1      418.3      818.5 [  -0.06596      12.87]
 14 Pxz             6.2758      134.0980     0.0415     0.1912     -400.1      418.3      818.5 [  -0.06596      12.87]
 15 Pyz             0.7427      126.7812    -0.1236    -0.0308     -355.3      303.7        659 [   0.05513      -4.77]
